<?xml version="1.0" encoding="UTF-8"?>
<testsuite xmlns:xsi="http://www.w3.org/2001/XMLSchema-instance" xsi:noNamespaceSchemaLocation="https://maven.apache.org/surefire/maven-surefire-plugin/xsd/surefire-test-report.xsd" name="MainPageTest" time="17.877" tests="6" errors="0" skipped="0" failures="0">
  <properties>
[...]
</properties>
  <testcase name="shouldSelectSauce" classname="MainPageTest" time="0.516"/>
  <testcase name="shouldCheckActiveSauceTab" classname="MainPageTest" time="5.688"/>
  <testcase name="shouldSelectFilling" classname="MainPageTest" time="0.098"/>
  <testcase name="shouldCheckActiveFillingTab" classname="MainPageTest" time="5.495"/>
  <testcase name="shouldSelectBun" classname="MainPageTest" time="0.106"/>
  <testcase name="shouldCheckActiveBunTab" classname="MainPageTest" time="5.513"/>
</testsuite>